<?xml version="1.0" encoding="UTF-8"?>
<!-- Generated by org.testng.reporters.JUnitReportReporter -->
<testsuite hostname="Pravin" failures="0" tests="3" name="testCases.CheckOutPage1_Test" time="19.563" errors="0" timestamp="2023-12-16T19:02:43 IST" skipped="0">
  <testcase classname="testCases.CheckOutPage1_Test" name="verifyURLOfCheckOutPage1Test" time="6.020"/>
  <system-out>
    <![CDATA[URL of checkout page1=https://www.saucedemo.com/checkout-step-one.html]]>
  </system-out>
  <testcase classname="testCases.CheckOutPage1_Test" name="verifyTitleofApplicationTest" time="7.137"/>
  <system-out>
    <![CDATA[Title of check out pageCheckout: Your Information]]>
  </system-out>
  <testcase classname="testCases.CheckOutPage1_Test" name="InputinformationTest" time="6.406"/>
  <system-out>
    <![CDATA[title of check out page 2 = https://www.saucedemo.com/checkout-step-two.html]]>
  </system-out>
</testsuite> <!-- testCases.CheckOutPage1_Test -->
