<?xml version="1.0" encoding="UTF-8"?>
<!-- Generated by org.testng.reporters.JUnitReportReporter -->
<testsuite hostname="Pravin" failures="0" tests="3" name="testCases.LoginPageTest" time="24.472" errors="0" timestamp="2023-12-16T19:00:11 IST" skipped="0">
  <testcase classname="testCases.LoginPageTest" name="loginToApplicationTest" time="7.241"/>
  <system-out/>
  <testcase classname="testCases.LoginPageTest" name="verifyURLOfApplication" time="11.669"/>
  <system-out/>
  <testcase classname="testCases.LoginPageTest" name="varifyTitleOfApplicationTest" time="5.562"/>
  <system-out/>
</testsuite> <!-- testCases.LoginPageTest -->
