<?xml version="1.0" encoding="UTF-8"?>
<!-- Generated by org.testng.reporters.JUnitReportReporter -->
<testsuite hostname="Pravin" failures="0" tests="4" name="testCases.Inventory_page_2_Test" time="26.417" errors="0" timestamp="2023-12-16T19:00:53 IST" skipped="0">
  <testcase classname="testCases.Inventory_page_2_Test" name="varifytritterLogoTest" time="5.451"/>
  <system-out>
    <![CDATA[Visibility of Twitter Logo = true]]>
  </system-out>
  <testcase classname="testCases.Inventory_page_2_Test" name="add6ProductsTest" time="6.333"/>
  <system-out>
    <![CDATA[Total products added to cart = 6]]>
  </system-out>
  <testcase classname="testCases.Inventory_page_2_Test" name="varifyproductsLableTest" time="6.566"/>
  <system-out>
    <![CDATA[Lable of Inventory Page =Products]]>
  </system-out>
  <testcase classname="testCases.Inventory_page_2_Test" name="remove2ProductsTest" time="8.067"/>
  <system-out>
    <![CDATA[Count of product after removing = 4]]>
  </system-out>
</testsuite> <!-- testCases.Inventory_page_2_Test -->
