<?xml version="1.0" encoding="UTF-8"?>
<!-- Generated by org.testng.reporters.JUnitReportReporter -->
<testsuite hostname="Pravin" failures="0" tests="5" name="testCases.checkOut_Page_Test" time="33.314" errors="0" timestamp="2023-12-16T19:02:12 IST" skipped="0">
  <testcase classname="testCases.checkOut_Page_Test" name="verifyyourOrderDispatchTextTest" time="7.769"/>
  <system-out>
    <![CDATA[ Test of Complete your order = Your order has been dispatched, and will arrive just as fast as the pony can get there!]]>
  </system-out>
  <testcase classname="testCases.checkOut_Page_Test" name="clickOnbackHomeBtnTest" time="6.286"/>
  <system-out>
    <![CDATA[ URL of Home Page=https://www.saucedemo.com/inventory.html]]>
  </system-out>
  <testcase classname="testCases.checkOut_Page_Test" name="checkoutCompletelabelTest" time="6.086"/>
  <system-out>
    <![CDATA[ Lable of checkout page = Checkout: Complete!]]>
  </system-out>
  <testcase classname="testCases.checkOut_Page_Test" name="verifyrightMarkImageTest" time="6.212"/>
  <system-out>
    <![CDATA[ Visibility of RightMark Image=true]]>
  </system-out>
  <testcase classname="testCases.checkOut_Page_Test" name="verifyyourthankYouTextTest" time="6.961"/>
  <system-out>
    <![CDATA[ Thank you order text= Thank you for your order!]]>
  </system-out>
</testsuite> <!-- testCases.checkOut_Page_Test -->
