<?xml version="1.0" encoding="UTF-8"?>
<!-- Generated by org.testng.reporters.JUnitReportReporter -->
<testsuite hostname="Pravin" failures="0" tests="5" name="testCases.CheckOutPage2Test" time="34.577" errors="0" timestamp="2023-12-16T19:03:30 IST" skipped="0">
  <testcase classname="testCases.CheckOutPage2Test" name="paymentInfoLableTest" time="7.477"/>
  <system-out>
    <![CDATA[Lable of Payment Information  = Payment Information]]>
  </system-out>
  <testcase classname="testCases.CheckOutPage2Test" name="verifyLableTest" time="6.524"/>
  <system-out>
    <![CDATA[Lable of check out page 2 = Checkout: Overview]]>
  </system-out>
  <testcase classname="testCases.CheckOutPage2Test" name="clickOnFinishBtnTest" time="6.353"/>
  <system-out>
    <![CDATA[Url of Complete Page = https://www.saucedemo.com/checkout-complete.html]]>
  </system-out>
  <testcase classname="testCases.CheckOutPage2Test" name="verifypriceTotalLableTest" time="6.559"/>
  <system-out>
    <![CDATA[ Lable of Price Total= Price Total]]>
  </system-out>
  <testcase classname="testCases.CheckOutPage2Test" name="verifyshippingInfoLableTest" time="7.664"/>
  <system-out>
    <![CDATA[ Lable of Shipping Information= Shipping Information]]>
  </system-out>
</testsuite> <!-- testCases.CheckOutPage2Test -->
