<?xml version="1.0" encoding="UTF-8"?>
<!-- Generated by org.testng.reporters.JUnitReportReporter -->
<testsuite hostname="Pravin" failures="0" tests="5" name="testCases.VerifyMultipleCredentialsTest$LoginPageTest" time="33.584" errors="0" timestamp="2023-12-16T19:06:21 IST" skipped="0">
  <testcase classname="testCases.VerifyMultipleCredentialsTest$LoginPageTest" name="loginToAppWithCredsTest" time="5.177"/>
  <system-out/>
  <testcase classname="testCases.VerifyMultipleCredentialsTest$LoginPageTest" name="loginToAppWithCredsTest" time="6.511"/>
  <system-out/>
  <testcase classname="testCases.VerifyMultipleCredentialsTest$LoginPageTest" name="loginToAppWithCredsTest" time="5.346"/>
  <system-out/>
  <testcase classname="testCases.VerifyMultipleCredentialsTest$LoginPageTest" name="loginToAppWithCredsTest" time="11.014"/>
  <system-out/>
  <testcase classname="testCases.VerifyMultipleCredentialsTest$LoginPageTest" name="loginToAppWithCredsTest" time="5.536"/>
  <system-out/>
</testsuite> <!-- testCases.VerifyMultipleCredentialsTest$LoginPageTest -->
