<?xml version="1.0" encoding="UTF-8"?>
<!-- Generated by org.testng.reporters.JUnitReportReporter -->
<testsuite hostname="Pravin" failures="0" tests="3" name="testCases.Cart_Page_Test_3" time="18.702" errors="0" timestamp="2023-12-16T19:01:26 IST" skipped="0">
  <testcase classname="testCases.Cart_Page_Test_3" name="clickOncheckOutBtnTest" time="7.014"/>
  <system-out>
    <![CDATA[Checkout button will be redirect checkoutpage =https://www.saucedemo.com/checkout-step-one.html]]>
  </system-out>
  <testcase classname="testCases.Cart_Page_Test_3" name="varifytritterLogoTest" time="5.832"/>
  <system-out>
    <![CDATA[Visibility of Twitter Logo = true]]>
  </system-out>
  <testcase classname="testCases.Cart_Page_Test_3" name="varifyyourCartTest" time="5.856"/>
  <system-out>
    <![CDATA[Your cart Title in cart page = Your Cart]]>
  </system-out>
</testsuite> <!-- testCases.Cart_Page_Test_3 -->
